<?xml version="1.0" encoding="UTF-8"?>
<robot generator="Robot 6.0.2 (Python 3.10.11 on win32)" generated="20230821 20:36:43.655" rpa="false" schemaversion="3">
<suite id="s1" name="Test" source="D:\Coding\QA\automation-practice\test\step-by-step\features\test.robot">
<test id="s1-t1" name="Test Case 1: Register User" line="12">
<kw name="Abrir Navegador" library="hooks" type="SETUP">
<arg>${URL}</arg>
<kw name="Open Browser" library="SeleniumLibrary">
<arg>${URL}</arg>
<arg>${BROWSER}</arg>
<doc>Opens a new browser instance to the optional ``url``.</doc>
<msg timestamp="20230821 20:36:43.996" level="INFO">Opening browser 'chrome' to base url 'https://www.automationexercise.com/'.</msg>
<status status="PASS" starttime="20230821 20:36:43.996" endtime="20230821 20:36:51.094"/>
</kw>
<kw name="Maximize Browser Window" library="SeleniumLibrary">
<doc>Maximizes current browser window.</doc>
<status status="PASS" starttime="20230821 20:36:51.094" endtime="20230821 20:36:51.324"/>
</kw>
<status status="PASS" starttime="20230821 20:36:43.995" endtime="20230821 20:36:51.324"/>
</kw>
<kw name="Verify that home page is visible" library="register_keywords">
<kw name="Wait Until Element Is Visible" library="SeleniumLibrary">
<arg>${HOME_CAROUSEL}</arg>
<arg>10</arg>
<doc>Waits until the element ``locator`` is visible.</doc>
<status status="PASS" starttime="20230821 20:36:51.325" endtime="20230821 20:36:51.386"/>
</kw>
<status status="PASS" starttime="20230821 20:36:51.325" endtime="20230821 20:36:51.386"/>
</kw>
<kw name="Navigate to SignUp/Login page" library="register_keywords">
<kw name="Wait Until Element Is Visible" library="SeleniumLibrary">
<arg>${SIGNUP_LOGIN_ANCHOR}</arg>
<arg>10</arg>
<doc>Waits until the element ``locator`` is visible.</doc>
<status status="PASS" starttime="20230821 20:36:51.390" endtime="20230821 20:36:51.550"/>
</kw>
<kw name="Click Link" library="SeleniumLibrary">
<arg>${SIGNUP_LOGIN_ANCHOR}</arg>
<doc>Clicks a link identified by ``locator``.</doc>
<msg timestamp="20230821 20:36:51.551" level="INFO">Clicking link 'link: Signup / Login'.</msg>
<status status="PASS" starttime="20230821 20:36:51.550" endtime="20230821 20:36:53.615"/>
</kw>
<kw name="Wait Until Element Is Visible" library="SeleniumLibrary">
<arg>${NEW_USER_SIGNUP_TEXT}</arg>
<arg>10</arg>
<doc>Waits until the element ``locator`` is visible.</doc>
<status status="PASS" starttime="20230821 20:36:53.616" endtime="20230821 20:36:55.775"/>
</kw>
<status status="PASS" starttime="20230821 20:36:51.389" endtime="20230821 20:36:55.775"/>
</kw>
<kw name="Fechar Navegador" library="hooks" type="TEARDOWN">
<kw name="Close Browser" library="SeleniumLibrary">
<doc>Closes the current browser.</doc>
<status status="PASS" starttime="20230821 20:36:55.776" endtime="20230821 20:36:58.368"/>
</kw>
<status status="PASS" starttime="20230821 20:36:55.776" endtime="20230821 20:36:58.368"/>
</kw>
<status status="PASS" starttime="20230821 20:36:43.994" endtime="20230821 20:36:58.369"/>
</test>
<status status="PASS" starttime="20230821 20:36:43.658" endtime="20230821 20:36:58.372"/>
</suite>
<statistics>
<total>
<stat pass="1" fail="0" skip="0">All Tests</stat>
</total>
<tag>
</tag>
<suite>
<stat pass="1" fail="0" skip="0" id="s1" name="Test">Test</stat>
</suite>
</statistics>
<errors>
</errors>
</robot>
