<?xml version="1.0" encoding="UTF-8"?>
<robot generator="Robot 6.0.2 (Python 3.10.11 on win32)" generated="20230822 19:51:50.137" rpa="false" schemaversion="3">
<suite id="s1" name="Test" source="D:\Coding\QA\automation-practice\test\bdd\features\test.robot">
<test id="s1-t1" name="CT01:Realizar registro de novo usuário com sucesso" line="13">
<kw name="Abrir Navegador" library="hooks" type="SETUP">
<arg>${URL}</arg>
<kw name="Open Browser" library="SeleniumLibrary">
<arg>${URL}</arg>
<arg>${BROWSER}</arg>
<doc>Opens a new browser instance to the optional ``url``.</doc>
<msg timestamp="20230822 19:51:50.588" level="INFO">Opening browser 'chrome' to base url 'https://www.automationexercise.com/'.</msg>
<status status="PASS" starttime="20230822 19:51:50.587" endtime="20230822 19:51:57.565"/>
</kw>
<kw name="Maximize Browser Window" library="SeleniumLibrary">
<doc>Maximizes current browser window.</doc>
<status status="PASS" starttime="20230822 19:51:57.565" endtime="20230822 19:51:57.813"/>
</kw>
<status status="PASS" starttime="20230822 19:51:50.587" endtime="20230822 19:51:57.814"/>
</kw>
<kw name="Dado que esteja na página de signup/login" library="keywords">
<kw name="Wait Until Element Is Visible" library="SeleniumLibrary">
<arg>${HOME_CAROUSEL}</arg>
<arg>10</arg>
<doc>Waits until the element ``locator`` is visible.</doc>
<status status="PASS" starttime="20230822 19:51:57.844" endtime="20230822 19:51:57.966"/>
</kw>
<kw name="Wait Until Element Is Visible" library="SeleniumLibrary">
<arg>${SIGNUP_LOGIN_ANCHOR}</arg>
<arg>10</arg>
<doc>Waits until the element ``locator`` is visible.</doc>
<status status="PASS" starttime="20230822 19:51:57.966" endtime="20230822 19:51:58.157"/>
</kw>
<kw name="Click Link" library="SeleniumLibrary">
<arg>${SIGNUP_LOGIN_ANCHOR}</arg>
<doc>Clicks a link identified by ``locator``.</doc>
<msg timestamp="20230822 19:51:58.159" level="INFO">Clicking link 'link: Signup / Login'.</msg>
<status status="PASS" starttime="20230822 19:51:58.158" endtime="20230822 19:51:59.924"/>
</kw>
<kw name="Wait Until Element Is Visible" library="SeleniumLibrary">
<arg>${NEW_USER_SIGNUP_TEXT}</arg>
<arg>10</arg>
<doc>Waits until the element ``locator`` is visible.</doc>
<status status="PASS" starttime="20230822 19:51:59.924" endtime="20230822 19:51:59.963"/>
</kw>
<status status="PASS" starttime="20230822 19:51:57.844" endtime="20230822 19:51:59.963"/>
</kw>
<kw name="Quando preencher o nome e endereço de email" library="keywords">
<arg>${DADOS}</arg>
<kw name="Set Selenium Speed" library="SeleniumLibrary">
<arg>0.3</arg>
<doc>Sets the delay that is waited after each Selenium command.</doc>
<status status="PASS" starttime="20230822 19:51:59.964" endtime="20230822 19:51:59.965"/>
</kw>
<kw name="Input Text" library="SeleniumLibrary">
<arg>${NEW_USER_NAME}</arg>
<arg>${DADOS.nome}</arg>
<doc>Types the given ``text`` into the text field identified by ``locator``.</doc>
<msg timestamp="20230822 19:51:59.966" level="INFO">Typing text 'teste_nome' into text field 'name:name'.</msg>
<status status="PASS" starttime="20230822 19:51:59.965" endtime="20230822 19:52:01.076"/>
</kw>
<kw name="Input Text" library="SeleniumLibrary">
<arg>${NEW_USER_EMAIL}</arg>
<arg>${DADOS.email}</arg>
<doc>Types the given ``text`` into the text field identified by ``locator``.</doc>
<msg timestamp="20230822 19:52:01.078" level="INFO">Typing text 'teste_email@teste.com' into text field 'xpath=//input[@data-qa="signup-email"]'.</msg>
<status status="PASS" starttime="20230822 19:52:01.076" endtime="20230822 19:52:02.162"/>
</kw>
<status status="PASS" starttime="20230822 19:51:59.964" endtime="20230822 19:52:02.162"/>
</kw>
<kw name="E acessar a página de signup" library="keywords">
<kw name="Click Element" library="SeleniumLibrary">
<arg>${SIGNUP_BUTTON}</arg>
<doc>Click the element identified by ``locator``.</doc>
<msg timestamp="20230822 19:52:02.165" level="INFO">Clicking element 'xpath=//button[@data-qa="signup-button"]'.</msg>
<status status="PASS" starttime="20230822 19:52:02.164" endtime="20230822 19:52:04.413"/>
</kw>
<kw name="Wait Until Page Contains" library="SeleniumLibrary">
<arg>Enter Account Information</arg>
<doc>Waits until ``text`` appears on the current page.</doc>
<status status="PASS" starttime="20230822 19:52:04.414" endtime="20230822 19:52:05.379"/>
</kw>
<status status="PASS" starttime="20230822 19:52:02.164" endtime="20230822 19:52:05.379"/>
</kw>
<kw name="E preencher todos os dados obrigatórios" library="keywords">
<arg>${DADOS}</arg>
<kw name="Click Element" library="SeleniumLibrary">
<arg>${GENERO_RB}</arg>
<doc>Click the element identified by ``locator``.</doc>
<msg timestamp="20230822 19:52:05.381" level="INFO">Clicking element 'xpath=//input[@type="radio" and @value="Mrs"]'.</msg>
<status status="PASS" starttime="20230822 19:52:05.381" endtime="20230822 19:52:06.077"/>
</kw>
<kw name="Scroll Element Into View" library="SeleniumLibrary">
<arg>${SIGNUP_SENHA}</arg>
<doc>Scrolls the element identified by ``locator`` into view.</doc>
<status status="PASS" starttime="20230822 19:52:06.077" endtime="20230822 19:52:07.006"/>
</kw>
<kw name="Input Text" library="SeleniumLibrary">
<arg>${SIGNUP_SENHA}</arg>
<arg>${DADOS.senha}</arg>
<doc>Types the given ``text`` into the text field identified by ``locator``.</doc>
<msg timestamp="20230822 19:52:07.008" level="INFO">Typing text '123456' into text field 'id:password'.</msg>
<status status="PASS" starttime="20230822 19:52:07.006" endtime="20230822 19:52:08.130"/>
</kw>
<kw name="Realizar rolagem da tela na vertical" library="hooks">
<arg>100</arg>
<kw name="Execute Javascript" library="SeleniumLibrary">
<arg>window.scrollTo(0, window.scrollY+${DISTANCIA})</arg>
<doc>Executes the given JavaScript code with possible arguments.</doc>
<msg timestamp="20230822 19:52:08.131" level="INFO">Executing JavaScript:
window.scrollTo(0, window.scrollY+100)
Without any arguments.</msg>
<status status="PASS" starttime="20230822 19:52:08.131" endtime="20230822 19:52:08.471"/>
</kw>
<status status="PASS" starttime="20230822 19:52:08.130" endtime="20230822 19:52:08.471"/>
</kw>
<kw name="Select From List By Value" library="SeleniumLibrary">
<arg>${DIA_NASC_CB}</arg>
<arg>${DADOS.dia_nasc}</arg>
<doc>Selects options from selection list ``locator`` by ``values``.</doc>
<msg timestamp="20230822 19:52:08.473" level="INFO">Selecting options from selection list 'id:days' by value 28.</msg>
<status status="PASS" starttime="20230822 19:52:08.471" endtime="20230822 19:52:11.073"/>
</kw>
<kw name="Select From List By Value" library="SeleniumLibrary">
<arg>${MES_NASC_CB}</arg>
<arg>${DADOS.mes_nasc}</arg>
<doc>Selects options from selection list ``locator`` by ``values``.</doc>
<msg timestamp="20230822 19:52:11.075" level="INFO">Selecting options from selection list 'id:months' by value 5.</msg>
<status status="PASS" starttime="20230822 19:52:11.073" endtime="20230822 19:52:13.666"/>
</kw>
<kw name="Select From List By Value" library="SeleniumLibrary">
<arg>${ANO_NASC_CB}</arg>
<arg>${DADOS.ano_nasc}</arg>
<doc>Selects options from selection list ``locator`` by ``values``.</doc>
<msg timestamp="20230822 19:52:13.668" level="INFO">Selecting options from selection list 'id:years' by value 1992.</msg>
<status status="PASS" starttime="20230822 19:52:13.666" endtime="20230822 19:52:16.240"/>
</kw>
<kw name="Realizar rolagem da tela na vertical" library="hooks">
<arg>100</arg>
<kw name="Execute Javascript" library="SeleniumLibrary">
<arg>window.scrollTo(0, window.scrollY+${DISTANCIA})</arg>
<doc>Executes the given JavaScript code with possible arguments.</doc>
<msg timestamp="20230822 19:52:16.241" level="INFO">Executing JavaScript:
window.scrollTo(0, window.scrollY+100)
Without any arguments.</msg>
<status status="PASS" starttime="20230822 19:52:16.241" endtime="20230822 19:52:16.567"/>
</kw>
<status status="PASS" starttime="20230822 19:52:16.240" endtime="20230822 19:52:16.567"/>
</kw>
<kw name="Select Checkbox" library="SeleniumLibrary">
<arg>${NEWSLETTER_CHK}</arg>
<doc>Selects the checkbox identified by ``locator``.</doc>
<msg timestamp="20230822 19:52:16.568" level="INFO">Selecting checkbox 'id:newsletter'.</msg>
<status status="PASS" starttime="20230822 19:52:16.567" endtime="20230822 19:52:18.276"/>
</kw>
<kw name="Select Checkbox" library="SeleniumLibrary">
<arg>${RECEIVE_OFFERS_CHK}</arg>
<doc>Selects the checkbox identified by ``locator``.</doc>
<msg timestamp="20230822 19:52:18.277" level="INFO">Selecting checkbox 'id:optin'.</msg>
<status status="PASS" starttime="20230822 19:52:18.276" endtime="20230822 19:52:19.928"/>
</kw>
<kw name="Realizar rolagem da tela na vertical" library="hooks">
<arg>100</arg>
<kw name="Execute Javascript" library="SeleniumLibrary">
<arg>window.scrollTo(0, window.scrollY+${DISTANCIA})</arg>
<doc>Executes the given JavaScript code with possible arguments.</doc>
<msg timestamp="20230822 19:52:19.930" level="INFO">Executing JavaScript:
window.scrollTo(0, window.scrollY+100)
Without any arguments.</msg>
<status status="PASS" starttime="20230822 19:52:19.929" endtime="20230822 19:52:20.253"/>
</kw>
<status status="PASS" starttime="20230822 19:52:19.928" endtime="20230822 19:52:20.253"/>
</kw>
<kw name="Input Text" library="SeleniumLibrary">
<arg>${SIGNUP_PRIMEIRO_NOME}</arg>
<arg>${DADOS.primeiro_nome}</arg>
<doc>Types the given ``text`` into the text field identified by ``locator``.</doc>
<msg timestamp="20230822 19:52:20.254" level="INFO">Typing text 'teste_primeiro_nome' into text field 'id:first_name'.</msg>
<status status="PASS" starttime="20230822 19:52:20.253" endtime="20230822 19:52:21.351"/>
</kw>
<kw name="Realizar rolagem da tela na vertical" library="hooks">
<arg>100</arg>
<kw name="Execute Javascript" library="SeleniumLibrary">
<arg>window.scrollTo(0, window.scrollY+${DISTANCIA})</arg>
<doc>Executes the given JavaScript code with possible arguments.</doc>
<msg timestamp="20230822 19:52:21.352" level="INFO">Executing JavaScript:
window.scrollTo(0, window.scrollY+100)
Without any arguments.</msg>
<status status="PASS" starttime="20230822 19:52:21.351" endtime="20230822 19:52:21.677"/>
</kw>
<status status="PASS" starttime="20230822 19:52:21.351" endtime="20230822 19:52:21.677"/>
</kw>
<kw name="Input Text" library="SeleniumLibrary">
<arg>${SIGNUP_SOBRENOME}</arg>
<arg>${DADOS.sobrenome}</arg>
<doc>Types the given ``text`` into the text field identified by ``locator``.</doc>
<msg timestamp="20230822 19:52:21.678" level="INFO">Typing text 'teste_sobrenome' into text field 'id:last_name'.</msg>
<status status="PASS" starttime="20230822 19:52:21.677" endtime="20230822 19:52:22.801"/>
</kw>
<kw name="Realizar rolagem da tela na vertical" library="hooks">
<arg>100</arg>
<kw name="Execute Javascript" library="SeleniumLibrary">
<arg>window.scrollTo(0, window.scrollY+${DISTANCIA})</arg>
<doc>Executes the given JavaScript code with possible arguments.</doc>
<msg timestamp="20230822 19:52:22.803" level="INFO">Executing JavaScript:
window.scrollTo(0, window.scrollY+100)
Without any arguments.</msg>
<status status="PASS" starttime="20230822 19:52:22.802" endtime="20230822 19:52:23.126"/>
</kw>
<status status="PASS" starttime="20230822 19:52:22.802" endtime="20230822 19:52:23.126"/>
</kw>
<kw name="Input Text" library="SeleniumLibrary">
<arg>${SIGNUP_EMPRESA}</arg>
<arg>${DADOS.empresa}</arg>
<doc>Types the given ``text`` into the text field identified by ``locator``.</doc>
<msg timestamp="20230822 19:52:23.128" level="INFO">Typing text 'empresa_teste' into text field 'id:company'.</msg>
<status status="PASS" starttime="20230822 19:52:23.127" endtime="20230822 19:52:24.248"/>
</kw>
<kw name="Realizar rolagem da tela na vertical" library="hooks">
<arg>100</arg>
<kw name="Execute Javascript" library="SeleniumLibrary">
<arg>window.scrollTo(0, window.scrollY+${DISTANCIA})</arg>
<doc>Executes the given JavaScript code with possible arguments.</doc>
<msg timestamp="20230822 19:52:24.251" level="INFO">Executing JavaScript:
window.scrollTo(0, window.scrollY+100)
Without any arguments.</msg>
<status status="PASS" starttime="20230822 19:52:24.249" endtime="20230822 19:52:24.571"/>
</kw>
<status status="PASS" starttime="20230822 19:52:24.248" endtime="20230822 19:52:24.571"/>
</kw>
<kw name="Input Text" library="SeleniumLibrary">
<arg>${SIGNUP_ENDERECO_1}</arg>
<arg>${DADOS.endereco_linha_1}</arg>
<doc>Types the given ``text`` into the text field identified by ``locator``.</doc>
<msg timestamp="20230822 19:52:24.573" level="INFO">Typing text 'Rua abc, numero 1' into text field 'id:address1'.</msg>
<status status="PASS" starttime="20230822 19:52:24.571" endtime="20230822 19:52:25.688"/>
</kw>
<kw name="Realizar rolagem da tela na vertical" library="hooks">
<arg>100</arg>
<kw name="Execute Javascript" library="SeleniumLibrary">
<arg>window.scrollTo(0, window.scrollY+${DISTANCIA})</arg>
<doc>Executes the given JavaScript code with possible arguments.</doc>
<msg timestamp="20230822 19:52:25.690" level="INFO">Executing JavaScript:
window.scrollTo(0, window.scrollY+100)
Without any arguments.</msg>
<status status="PASS" starttime="20230822 19:52:25.689" endtime="20230822 19:52:26.013"/>
</kw>
<status status="PASS" starttime="20230822 19:52:25.688" endtime="20230822 19:52:26.013"/>
</kw>
<kw name="Input Text" library="SeleniumLibrary">
<arg>${SIGNUP_ENDERECO_2}</arg>
<arg>${DADOS.endereco_linha_2}</arg>
<doc>Types the given ``text`` into the text field identified by ``locator``.</doc>
<msg timestamp="20230822 19:52:26.014" level="INFO">Typing text 'AP 001' into text field 'id:address2'.</msg>
<status status="PASS" starttime="20230822 19:52:26.013" endtime="20230822 19:52:27.133"/>
</kw>
<kw name="Realizar rolagem da tela na vertical" library="hooks">
<arg>100</arg>
<kw name="Execute Javascript" library="SeleniumLibrary">
<arg>window.scrollTo(0, window.scrollY+${DISTANCIA})</arg>
<doc>Executes the given JavaScript code with possible arguments.</doc>
<msg timestamp="20230822 19:52:27.134" level="INFO">Executing JavaScript:
window.scrollTo(0, window.scrollY+100)
Without any arguments.</msg>
<status status="PASS" starttime="20230822 19:52:27.133" endtime="20230822 19:52:27.475"/>
</kw>
<status status="PASS" starttime="20230822 19:52:27.133" endtime="20230822 19:52:27.476"/>
</kw>
<kw name="Select From List By Value" library="SeleniumLibrary">
<arg>${SIGNUP_PAIS}</arg>
<arg>${DADOS.pais}</arg>
<doc>Selects options from selection list ``locator`` by ``values``.</doc>
<msg timestamp="20230822 19:52:27.478" level="INFO">Selecting options from selection list 'id:country' by value Canada.</msg>
<status status="PASS" starttime="20230822 19:52:27.476" endtime="20230822 19:52:30.072"/>
</kw>
<kw name="Realizar rolagem da tela na vertical" library="hooks">
<arg>100</arg>
<kw name="Execute Javascript" library="SeleniumLibrary">
<arg>window.scrollTo(0, window.scrollY+${DISTANCIA})</arg>
<doc>Executes the given JavaScript code with possible arguments.</doc>
<msg timestamp="20230822 19:52:30.073" level="INFO">Executing JavaScript:
window.scrollTo(0, window.scrollY+100)
Without any arguments.</msg>
<status status="PASS" starttime="20230822 19:52:30.073" endtime="20230822 19:52:30.398"/>
</kw>
<status status="PASS" starttime="20230822 19:52:30.072" endtime="20230822 19:52:30.398"/>
</kw>
<kw name="Input Text" library="SeleniumLibrary">
<arg>${SIGNUP_ESTADO}</arg>
<arg>${DADOS.estado}</arg>
<doc>Types the given ``text`` into the text field identified by ``locator``.</doc>
<msg timestamp="20230822 19:52:30.401" level="INFO">Typing text 'Paraíba' into text field 'id:state'.</msg>
<status status="PASS" starttime="20230822 19:52:30.398" endtime="20230822 19:52:31.489"/>
</kw>
<kw name="Realizar rolagem da tela na vertical" library="hooks">
<arg>100</arg>
<kw name="Execute Javascript" library="SeleniumLibrary">
<arg>window.scrollTo(0, window.scrollY+${DISTANCIA})</arg>
<doc>Executes the given JavaScript code with possible arguments.</doc>
<msg timestamp="20230822 19:52:31.491" level="INFO">Executing JavaScript:
window.scrollTo(0, window.scrollY+100)
Without any arguments.</msg>
<status status="PASS" starttime="20230822 19:52:31.490" endtime="20230822 19:52:31.802"/>
</kw>
<status status="PASS" starttime="20230822 19:52:31.490" endtime="20230822 19:52:31.802"/>
</kw>
<kw name="Input Text" library="SeleniumLibrary">
<arg>${SIGNUP_CIDADE}</arg>
<arg>${DADOS.cidade}</arg>
<doc>Types the given ``text`` into the text field identified by ``locator``.</doc>
<msg timestamp="20230822 19:52:31.803" level="INFO">Typing text 'Campina Grande' into text field 'id:city'.</msg>
<status status="PASS" starttime="20230822 19:52:31.802" endtime="20230822 19:52:32.938"/>
</kw>
<kw name="Realizar rolagem da tela na vertical" library="hooks">
<arg>100</arg>
<kw name="Execute Javascript" library="SeleniumLibrary">
<arg>window.scrollTo(0, window.scrollY+${DISTANCIA})</arg>
<doc>Executes the given JavaScript code with possible arguments.</doc>
<msg timestamp="20230822 19:52:32.940" level="INFO">Executing JavaScript:
window.scrollTo(0, window.scrollY+100)
Without any arguments.</msg>
<status status="PASS" starttime="20230822 19:52:32.939" endtime="20230822 19:52:33.253"/>
</kw>
<status status="PASS" starttime="20230822 19:52:32.938" endtime="20230822 19:52:33.253"/>
</kw>
<kw name="Input Text" library="SeleniumLibrary">
<arg>${SIGNUP_CEP}</arg>
<arg>${DADOS.cep}</arg>
<doc>Types the given ``text`` into the text field identified by ``locator``.</doc>
<msg timestamp="20230822 19:52:33.254" level="INFO">Typing text '58410-000' into text field 'id:zipcode'.</msg>
<status status="PASS" starttime="20230822 19:52:33.253" endtime="20230822 19:52:34.338"/>
</kw>
<kw name="Realizar rolagem da tela na vertical" library="hooks">
<arg>100</arg>
<kw name="Execute Javascript" library="SeleniumLibrary">
<arg>window.scrollTo(0, window.scrollY+${DISTANCIA})</arg>
<doc>Executes the given JavaScript code with possible arguments.</doc>
<msg timestamp="20230822 19:52:34.340" level="INFO">Executing JavaScript:
window.scrollTo(0, window.scrollY+100)
Without any arguments.</msg>
<status status="PASS" starttime="20230822 19:52:34.339" endtime="20230822 19:52:34.665"/>
</kw>
<status status="PASS" starttime="20230822 19:52:34.338" endtime="20230822 19:52:34.665"/>
</kw>
<kw name="Input Text" library="SeleniumLibrary">
<arg>${SIGNUP_CELULAR}</arg>
<arg>${DADOS.celular}</arg>
<doc>Types the given ``text`` into the text field identified by ``locator``.</doc>
<msg timestamp="20230822 19:52:34.668" level="INFO">Typing text '+55 (99) 9999 9999' into text field 'id:mobile_number'.</msg>
<status status="PASS" starttime="20230822 19:52:34.665" endtime="20230822 19:52:35.772"/>
</kw>
<status status="PASS" starttime="20230822 19:52:05.380" endtime="20230822 19:52:35.772"/>
</kw>
<kw name="E clicar no botão de criar conta" library="keywords">
<kw name="Scroll Element Into View" library="SeleniumLibrary">
<arg>${CREATE_ACCOUNT_BTN}</arg>
<doc>Scrolls the element identified by ``locator`` into view.</doc>
<status status="PASS" starttime="20230822 19:52:35.774" endtime="20230822 19:52:36.687"/>
</kw>
<kw name="Click Button" library="SeleniumLibrary">
<arg>${CREATE_ACCOUNT_BTN}</arg>
<doc>Clicks the button identified by ``locator``.</doc>
<msg timestamp="20230822 19:52:36.688" level="INFO">Clicking button 'xpath=//button[@data-qa="create-account"]'.</msg>
<status status="PASS" starttime="20230822 19:52:36.687" endtime="20230822 19:52:41.414"/>
</kw>
<status status="PASS" starttime="20230822 19:52:35.773" endtime="20230822 19:52:41.414"/>
</kw>
<kw name="Então deve mostrar que a conta foi criada com sucesso" library="keywords">
<kw name="Wait Until Page Contains" library="SeleniumLibrary">
<arg>Account Created!</arg>
<doc>Waits until ``text`` appears on the current page.</doc>
<status status="PASS" starttime="20230822 19:52:41.415" endtime="20230822 19:52:41.742"/>
</kw>
<status status="PASS" starttime="20230822 19:52:41.415" endtime="20230822 19:52:41.742"/>
</kw>
<kw name="Fechar Navegador" library="hooks" type="TEARDOWN">
<kw name="Close Browser" library="SeleniumLibrary">
<doc>Closes the current browser.</doc>
<status status="PASS" starttime="20230822 19:52:41.744" endtime="20230822 19:52:44.917"/>
</kw>
<status status="PASS" starttime="20230822 19:52:41.743" endtime="20230822 19:52:44.918"/>
</kw>
<tag>ct01</tag>
<status status="PASS" starttime="20230822 19:51:50.586" endtime="20230822 19:52:44.919"/>
</test>
<test id="s1-t2" name="CT03:Excluir conta com sucesso" line="29">
<kw name="Abrir Navegador" library="hooks" type="SETUP">
<arg>${URL}</arg>
<kw name="Open Browser" library="SeleniumLibrary">
<arg>${URL}</arg>
<arg>${BROWSER}</arg>
<doc>Opens a new browser instance to the optional ``url``.</doc>
<msg timestamp="20230822 19:52:44.924" level="INFO">Opening browser 'chrome' to base url 'https://www.automationexercise.com/'.</msg>
<status status="PASS" starttime="20230822 19:52:44.923" endtime="20230822 19:52:51.246"/>
</kw>
<kw name="Maximize Browser Window" library="SeleniumLibrary">
<doc>Maximizes current browser window.</doc>
<status status="PASS" starttime="20230822 19:52:51.246" endtime="20230822 19:52:51.638"/>
</kw>
<status status="PASS" starttime="20230822 19:52:44.922" endtime="20230822 19:52:51.639"/>
</kw>
<kw name="Dado que esteja logado na home page" library="keywords">
<kw name="que esteja na página de signup/login" library="keywords">
<kw name="Wait Until Element Is Visible" library="SeleniumLibrary">
<arg>${HOME_CAROUSEL}</arg>
<arg>10</arg>
<doc>Waits until the element ``locator`` is visible.</doc>
<status status="PASS" starttime="20230822 19:52:51.647" endtime="20230822 19:52:52.805"/>
</kw>
<kw name="Wait Until Element Is Visible" library="SeleniumLibrary">
<arg>${SIGNUP_LOGIN_ANCHOR}</arg>
<arg>10</arg>
<doc>Waits until the element ``locator`` is visible.</doc>
<status status="PASS" starttime="20230822 19:52:52.805" endtime="20230822 19:52:53.550"/>
</kw>
<kw name="Click Link" library="SeleniumLibrary">
<arg>${SIGNUP_LOGIN_ANCHOR}</arg>
<doc>Clicks a link identified by ``locator``.</doc>
<msg timestamp="20230822 19:52:53.551" level="INFO">Clicking link 'link: Signup / Login'.</msg>
<status status="PASS" starttime="20230822 19:52:53.550" endtime="20230822 19:52:56.152"/>
</kw>
<kw name="Wait Until Element Is Visible" library="SeleniumLibrary">
<arg>${NEW_USER_SIGNUP_TEXT}</arg>
<arg>10</arg>
<doc>Waits until the element ``locator`` is visible.</doc>
<status status="PASS" starttime="20230822 19:52:56.152" endtime="20230822 19:52:56.807"/>
</kw>
<status status="PASS" starttime="20230822 19:52:51.647" endtime="20230822 19:52:56.807"/>
</kw>
<kw name="preencher o endereço de email e a senha" library="keywords">
<arg>${DADOS}</arg>
<kw name="Set Selenium Speed" library="SeleniumLibrary">
<arg>0.3</arg>
<doc>Sets the delay that is waited after each Selenium command.</doc>
<status status="PASS" starttime="20230822 19:52:56.808" endtime="20230822 19:52:56.809"/>
</kw>
<kw name="Input Text" library="SeleniumLibrary">
<arg>${LOGIN_EMAIL}</arg>
<arg>${DADOS.email}</arg>
<doc>Types the given ``text`` into the text field identified by ``locator``.</doc>
<msg timestamp="20230822 19:52:56.811" level="INFO">Typing text 'teste_email@teste.com' into text field 'xpath=//input[@data-qa="login-email"]'.</msg>
<status status="PASS" starttime="20230822 19:52:56.809" endtime="20230822 19:52:57.956"/>
</kw>
<kw name="Input Text" library="SeleniumLibrary">
<arg>${LOGIN_PASSWORD}</arg>
<arg>${DADOS.senha}</arg>
<doc>Types the given ``text`` into the text field identified by ``locator``.</doc>
<msg timestamp="20230822 19:52:57.958" level="INFO">Typing text '123456' into text field 'name:password'.</msg>
<status status="PASS" starttime="20230822 19:52:57.956" endtime="20230822 19:52:59.023"/>
</kw>
<status status="PASS" starttime="20230822 19:52:56.807" endtime="20230822 19:52:59.023"/>
</kw>
<kw name="clicar no botão de realizar login" library="keywords">
<kw name="Click Element" library="SeleniumLibrary">
<arg>${LOGIN_BUTTON}</arg>
<doc>Click the element identified by ``locator``.</doc>
<msg timestamp="20230822 19:52:59.024" level="INFO">Clicking element 'xpath=//button[@data-qa="login-button"]'.</msg>
<status status="PASS" starttime="20230822 19:52:59.024" endtime="20230822 19:53:06.769"/>
</kw>
<status status="PASS" starttime="20230822 19:52:59.023" endtime="20230822 19:53:06.769"/>
</kw>
<kw name="deve exibir o nome do usuário como logado" library="keywords">
<kw name="Wait Until Page Contains" library="SeleniumLibrary">
<arg>${DADOS.nome}</arg>
<doc>Waits until ``text`` appears on the current page.</doc>
<status status="PASS" starttime="20230822 19:53:06.770" endtime="20230822 19:53:07.099"/>
</kw>
<status status="PASS" starttime="20230822 19:53:06.770" endtime="20230822 19:53:07.100"/>
</kw>
<status status="PASS" starttime="20230822 19:52:51.646" endtime="20230822 19:53:07.100"/>
</kw>
<kw name="Quando clicar no link de excluir conta" library="keywords">
<kw name="Click Element" library="SeleniumLibrary">
<arg>${DELETE_ACCOUNT}</arg>
<doc>Click the element identified by ``locator``.</doc>
<msg timestamp="20230822 19:53:07.112" level="INFO">Clicking element 'link: Delete Account'.</msg>
<status status="PASS" starttime="20230822 19:53:07.111" endtime="20230822 19:53:07.957"/>
</kw>
<status status="PASS" starttime="20230822 19:53:07.110" endtime="20230822 19:53:07.958"/>
</kw>
<kw name="Então deve realizar a exclusão da conta com sucesso" library="keywords">
<kw name="Wait Until Page Contains" library="SeleniumLibrary">
<arg>Account Deleted!</arg>
<doc>Waits until ``text`` appears on the current page.</doc>
<msg timestamp="20230822 19:53:13.721" level="INFO" html="true">&lt;/td&gt;&lt;/tr&gt;&lt;tr&gt;&lt;td colspan="3"&gt;&lt;a href="selenium-screenshot-32.png"&gt;&lt;img src="selenium-screenshot-32.png" width="800px"&gt;&lt;/a&gt;</msg>
<msg timestamp="20230822 19:53:13.721" level="FAIL">Text 'Account Deleted!' did not appear in 5 seconds.</msg>
<status status="FAIL" starttime="20230822 19:53:07.964" endtime="20230822 19:53:13.723"/>
</kw>
<status status="FAIL" starttime="20230822 19:53:07.964" endtime="20230822 19:53:13.723"/>
</kw>
<kw name="Fechar Navegador" library="hooks" type="TEARDOWN">
<kw name="Close Browser" library="SeleniumLibrary">
<doc>Closes the current browser.</doc>
<status status="PASS" starttime="20230822 19:53:13.725" endtime="20230822 19:53:17.086"/>
</kw>
<status status="PASS" starttime="20230822 19:53:13.725" endtime="20230822 19:53:17.086"/>
</kw>
<tag>ct03</tag>
<status status="FAIL" starttime="20230822 19:52:44.922" endtime="20230822 19:53:17.087">Text 'Account Deleted!' did not appear in 5 seconds.</status>
</test>
<status status="FAIL" starttime="20230822 19:51:50.144" endtime="20230822 19:53:17.091"/>
</suite>
<statistics>
<total>
<stat pass="1" fail="1" skip="0">All Tests</stat>
</total>
<tag>
<stat pass="1" fail="0" skip="0">ct01</stat>
<stat pass="0" fail="1" skip="0">ct03</stat>
</tag>
<suite>
<stat pass="1" fail="1" skip="0" id="s1" name="Test">Test</stat>
</suite>
</statistics>
<errors>
</errors>
</robot>
